<?xml version="1.0" encoding="UTF-8"?>
<!-- Generated by org.testng.reporters.JUnitXMLReporter -->
<testsuite hostname="DESKTOP-17PQN8B" ignored="8" name="Test2" tests="4" failures="0" timestamp="19 Jul 2022 06:58:02 GMT" time="0.017" errors="0">
  <testcase name="mainMethod1" time="0.001" classname="JDBC.Practice.Annotation1"/>
  <testcase name="mainMethod2" time="0.001" classname="JDBC.Practice.Annotation1"/>
  <testcase name="mainMethod3" time="0.001" classname="JDBC.Practice.Annotation2"/>
  <testcase name="mainMethod4" time="0.001" classname="JDBC.Practice.Annotation2"/>
  <testcase name="@BeforeSuite suite" time="0.0" classname="JDBC.Practice.Annotation">
    <ignored/>
  </testcase> <!-- @BeforeSuite suite -->
  <testcase name="@BeforeSuite suite" time="0.0" classname="JDBC.Practice.Annotation">
    <ignored/>
  </testcase> <!-- @BeforeSuite suite -->
  <testcase name="@AfterTest test2" time="0.0" classname="JDBC.Practice.Annotation">
    <ignored/>
  </testcase> <!-- @AfterTest test2 -->
  <testcase name="@AfterTest test2" time="0.0" classname="JDBC.Practice.Annotation">
    <ignored/>
  </testcase> <!-- @AfterTest test2 -->
  <testcase name="@AfterSuite suite2" time="0.0" classname="JDBC.Practice.Annotation">
    <ignored/>
  </testcase> <!-- @AfterSuite suite2 -->
  <testcase name="@AfterSuite suite2" time="0.0" classname="JDBC.Practice.Annotation">
    <ignored/>
  </testcase> <!-- @AfterSuite suite2 -->
  <testcase name="@BeforeTest test" time="0.0" classname="JDBC.Practice.Annotation">
    <ignored/>
  </testcase> <!-- @BeforeTest test -->
  <testcase name="@BeforeTest test" time="0.0" classname="JDBC.Practice.Annotation">
    <ignored/>
  </testcase> <!-- @BeforeTest test -->
</testsuite> <!-- Test2 -->
