<?xml version="1.0" encoding="UTF-8"?>
<!-- Generated by org.testng.reporters.JUnitXMLReporter -->
<testsuite hostname="DESKTOP-17PQN8B" ignored="8" name="Test" tests="5" failures="1" timestamp="28 Jul 2022 07:14:21 GMT" time="395.243" errors="0">
  <testcase name="testScript3Test" time="44.417" classname="com.Vtiger.Tests.CreateContactAndSinoutTest"/>
  <testcase name="TestScriptTest1" time="25.138" classname="com.Vtiger.Tests.CreateOrganizationTest"/>
  <testcase name="ScriptTest4Test" time="58.683" classname="com.Vtiger.Tests.CreateCampaignsAndDeleteTest"/>
  <testcase name="ContactsTestCaseTest" time="131.952" classname="com.Vtiger.Tests.CreatecontactAndDeleteOneByOneTest"/>
  <testcase name="testScriptTest2" time="14.495" classname="com.Vtiger.Tests.CreateOrganizationTestCaseAndVerifyTest">
    <failure type="java.lang.AssertionError" message="expected [true] but found [false]">
      <![CDATA[java.lang.AssertionError: expected [true] but found [false]at com.Vtiger.Tests.CreateOrganizationTestCaseAndVerifyTest.testScriptTest2(CreateOrganizationTestCaseAndVerifyTest.java:33)... Removed 29 stack frames]]>
    </failure>
  </testcase> <!-- testScriptTest2 -->
  <testcase name="@BeforeSuite dataBaseConnection" time="0.0" classname="Vtiger.BaseClass">
    <ignored/>
  </testcase> <!-- @BeforeSuite dataBaseConnection -->
  <testcase name="@BeforeSuite dataBaseConnection" time="0.0" classname="Vtiger.BaseClass">
    <ignored/>
  </testcase> <!-- @BeforeSuite dataBaseConnection -->
  <testcase name="@BeforeSuite dataBaseConnection" time="0.0" classname="Vtiger.BaseClass">
    <ignored/>
  </testcase> <!-- @BeforeSuite dataBaseConnection -->
  <testcase name="@BeforeSuite dataBaseConnection" time="0.0" classname="Vtiger.BaseClass">
    <ignored/>
  </testcase> <!-- @BeforeSuite dataBaseConnection -->
  <testcase name="@AfterSuite afterSute" time="0.0" classname="Vtiger.BaseClass">
    <ignored/>
  </testcase> <!-- @AfterSuite afterSute -->
  <testcase name="@AfterSuite afterSute" time="0.0" classname="Vtiger.BaseClass">
    <ignored/>
  </testcase> <!-- @AfterSuite afterSute -->
  <testcase name="@AfterSuite afterSute" time="0.0" classname="Vtiger.BaseClass">
    <ignored/>
  </testcase> <!-- @AfterSuite afterSute -->
  <testcase name="@AfterSuite afterSute" time="0.0" classname="Vtiger.BaseClass">
    <ignored/>
  </testcase> <!-- @AfterSuite afterSute -->
</testsuite> <!-- Test -->
