<?xml version="1.0" encoding="UTF-8"?>
<!-- Generated by org.testng.reporters.JUnitXMLReporter -->
<testsuite hostname="DESKTOP-17PQN8B" ignored="6" name="Test" tests="3" failures="0" timestamp="02 Aug 2022 12:12:39 GMT" time="338.944" errors="0">
  <testcase name="testScript3Test" time="48.437" classname="com.Vtiger.Tests.CreateContactAndSinoutTest"/>
  <testcase name="ScriptTest4Test" time="61.709" classname="com.Vtiger.Tests.CreateCampaignsAndDeleteTest"/>
  <testcase name="ContactsTestCaseTest" time="143.522" classname="com.Vtiger.Tests.CreatecontactAndDeleteOneByOneTest"/>
  <testcase name="@BeforeSuite dataBaseConnection" time="0.0" classname="Vtiger.BaseClass">
    <ignored/>
  </testcase> <!-- @BeforeSuite dataBaseConnection -->
  <testcase name="@BeforeSuite dataBaseConnection" time="0.0" classname="Vtiger.BaseClass">
    <ignored/>
  </testcase> <!-- @BeforeSuite dataBaseConnection -->
  <testcase name="@BeforeSuite dataBaseConnection" time="0.0" classname="Vtiger.BaseClass">
    <ignored/>
  </testcase> <!-- @BeforeSuite dataBaseConnection -->
  <testcase name="@BeforeSuite dataBaseConnection" time="0.0" classname="Vtiger.BaseClass">
    <ignored/>
  </testcase> <!-- @BeforeSuite dataBaseConnection -->
  <testcase name="TestScriptTest1" time="0.0" classname="com.Vtiger.Tests.CreateOrganizationTest">
    <ignored/>
  </testcase> <!-- TestScriptTest1 -->
  <testcase name="testScriptTest2" time="0.0" classname="com.Vtiger.Tests.CreateOrganizationTestCaseAndVerifyTest">
    <ignored/>
  </testcase> <!-- testScriptTest2 -->
</testsuite> <!-- Test -->
