<?xml version="1.0" encoding="UTF-8"?>
<testng-results skipped="0" failed="0" ignored="0" total="1" passed="1">
  <reporter-output>
  </reporter-output>
  <suite name="Default suite" duration-ms="8851" started-at="2022-08-27T14:18:07Z" finished-at="2022-08-27T14:18:16Z">
    <groups>
    </groups>
    <test name="Default test" duration-ms="8851" started-at="2022-08-27T14:18:07Z" finished-at="2022-08-27T14:18:16Z">
      <class name="practic.SwitchtToWindow">
        <test-method status="PASS" signature="ebay()[pri:0, instance:practic.SwitchtToWindow@67784306]" name="ebay" duration-ms="8826" started-at="2022-08-27T19:48:07Z" finished-at="2022-08-27T19:48:16Z">
          <reporter-output>
          </reporter-output>
        </test-method> <!-- ebay -->
      </class> <!-- practic.SwitchtToWindow -->
    </test> <!-- Default test -->
  </suite> <!-- Default suite -->
</testng-results>
