<?xml version="1.0" encoding="UTF-8"?>
<testng-results skipped="0" failed="0" ignored="0" total="1" passed="1">
  <reporter-output>
  </reporter-output>
  <suite name="Default suite" duration-ms="5131" started-at="2022-07-08T08:39:02Z" finished-at="2022-07-08T08:39:08Z">
    <groups>
    </groups>
    <test name="Default test" duration-ms="5131" started-at="2022-07-08T08:39:02Z" finished-at="2022-07-08T08:39:08Z">
      <class name="JDBC.Practice.Reports">
        <test-method status="PASS" signature="reportCreation()[pri:0, instance:JDBC.Practice.Reports@210366b4]" name="reportCreation" duration-ms="5110" started-at="2022-07-08T14:09:02Z" finished-at="2022-07-08T14:09:08Z">
          <reporter-output>
          </reporter-output>
        </test-method> <!-- reportCreation -->
      </class> <!-- JDBC.Practice.Reports -->
    </test> <!-- Default test -->
  </suite> <!-- Default suite -->
</testng-results>
